20240924 11:51:48 INFO  [main] testCases.TC001_AccountRegistrationTest TC001_AccountRegistrationTest.java22 - *************Test Started*************
20240924 11:51:48 INFO  [main] testCases.TC001_AccountRegistrationTest TC001_AccountRegistrationTest.java28 - *******  Clicked on My Account  *****
20240924 11:51:49 INFO  [main] testCases.TC001_AccountRegistrationTest TC001_AccountRegistrationTest.java30 - *******  Registration Completed  *****
20240924 11:51:49 INFO  [main] testCases.TC001_AccountRegistrationTest TC001_AccountRegistrationTest.java33 - ******* Providing Customer Details  *****
20240924 11:51:56 INFO  [main] testCases.TC001_AccountRegistrationTest TC001_AccountRegistrationTest.java50 - Validating Expected Message
20240924 11:51:56 INFO  [main] testCases.TC001_AccountRegistrationTest TC001_AccountRegistrationTest.java61 - ***Test Completed  *******
20240924 11:55:45 INFO  [main] testCases.TC001_AccountRegistrationTest TC001_AccountRegistrationTest.java22 - *************Test Started*************
20240924 11:55:45 INFO  [main] testCases.TC001_AccountRegistrationTest TC001_AccountRegistrationTest.java28 - *******  Clicked on My Account  *****
20240924 11:55:46 INFO  [main] testCases.TC001_AccountRegistrationTest TC001_AccountRegistrationTest.java30 - *******  Registration Completed  *****
20240924 11:55:46 INFO  [main] testCases.TC001_AccountRegistrationTest TC001_AccountRegistrationTest.java33 - ******* Providing Customer Details  *****
20240924 11:55:53 INFO  [main] testCases.TC001_AccountRegistrationTest TC001_AccountRegistrationTest.java50 - Validating Expected Message
20240924 12:20:41 INFO  [main] testCases.TC001_AccountRegistrationTest TC001_AccountRegistrationTest.java22 - *************Test Started*************
20240924 12:20:41 INFO  [main] testCases.TC001_AccountRegistrationTest TC001_AccountRegistrationTest.java28 - *******  Clicked on My Account  *****
20240924 12:20:42 INFO  [main] testCases.TC001_AccountRegistrationTest TC001_AccountRegistrationTest.java30 - *******  Registration Completed  *****
20240924 12:20:42 INFO  [main] testCases.TC001_AccountRegistrationTest TC001_AccountRegistrationTest.java33 - ******* Providing Customer Details  *****
20240924 12:20:49 INFO  [main] testCases.TC001_AccountRegistrationTest TC001_AccountRegistrationTest.java50 - Validating Expected Message
20240924 12:38:33 INFO  [main] testCases.TC001_AccountRegistrationTest TC001_AccountRegistrationTest.java22 - *************Test Started*************
20240924 12:38:33 INFO  [main] testCases.TC001_AccountRegistrationTest TC001_AccountRegistrationTest.java28 - *******  Clicked on My Account  *****
20240924 12:38:34 INFO  [main] testCases.TC001_AccountRegistrationTest TC001_AccountRegistrationTest.java30 - *******  Registration Completed  *****
20240924 12:38:34 INFO  [main] testCases.TC001_AccountRegistrationTest TC001_AccountRegistrationTest.java33 - ******* Providing Customer Details  *****
20240924 12:38:42 INFO  [main] testCases.TC001_AccountRegistrationTest TC001_AccountRegistrationTest.java50 - Validating Expected Message
20240924 12:38:42 INFO  [main] testCases.TC001_AccountRegistrationTest TC001_AccountRegistrationTest.java61 - ***Test Completed  *******
20240924 12:48:52 INFO  [main] testCases.TC001_AccountRegistrationTest TC001_AccountRegistrationTest.java22 - *************Test Started*************
20240924 12:48:52 INFO  [main] testCases.TC001_AccountRegistrationTest TC001_AccountRegistrationTest.java28 - *******  Clicked on My Account  *****
20240924 12:48:53 INFO  [main] testCases.TC001_AccountRegistrationTest TC001_AccountRegistrationTest.java30 - *******  Registration Completed  *****
20240924 12:48:53 INFO  [main] testCases.TC001_AccountRegistrationTest TC001_AccountRegistrationTest.java33 - ******* Providing Customer Details  *****
20240924 12:49:00 INFO  [main] testCases.TC001_AccountRegistrationTest TC001_AccountRegistrationTest.java50 - Validating Expected Message
20240924 12:49:00 INFO  [main] testCases.TC001_AccountRegistrationTest TC001_AccountRegistrationTest.java61 - ***Test Completed  *******
20240924 12:49:08 INFO  [main] testCases.TC001_AccountRegistrationTest TC001_AccountRegistrationTest.java22 - *************Test Started*************
20240924 12:49:09 INFO  [main] testCases.TC001_AccountRegistrationTest TC001_AccountRegistrationTest.java28 - *******  Clicked on My Account  *****
20240924 12:49:09 INFO  [main] testCases.TC001_AccountRegistrationTest TC001_AccountRegistrationTest.java30 - *******  Registration Completed  *****
20240924 12:49:09 INFO  [main] testCases.TC001_AccountRegistrationTest TC001_AccountRegistrationTest.java33 - ******* Providing Customer Details  *****
20240924 12:49:17 INFO  [main] testCases.TC001_AccountRegistrationTest TC001_AccountRegistrationTest.java50 - Validating Expected Message
20240924 12:49:17 INFO  [main] testCases.TC001_AccountRegistrationTest TC001_AccountRegistrationTest.java61 - ***Test Completed  *******
20240924 12:49:24 INFO  [main] testCases.TC001_AccountRegistrationTest TC001_AccountRegistrationTest.java22 - *************Test Started*************
20240924 12:49:24 INFO  [main] testCases.TC001_AccountRegistrationTest TC001_AccountRegistrationTest.java28 - *******  Clicked on My Account  *****
20240924 12:49:25 INFO  [main] testCases.TC001_AccountRegistrationTest TC001_AccountRegistrationTest.java30 - *******  Registration Completed  *****
20240924 12:49:25 INFO  [main] testCases.TC001_AccountRegistrationTest TC001_AccountRegistrationTest.java33 - ******* Providing Customer Details  *****
20240924 12:49:32 INFO  [main] testCases.TC001_AccountRegistrationTest TC001_AccountRegistrationTest.java50 - Validating Expected Message
20240924 12:49:32 INFO  [main] testCases.TC001_AccountRegistrationTest TC001_AccountRegistrationTest.java61 - ***Test Completed  *******
20240924 12:50:37 INFO  [TestNG-tests-1] testCases.TC001_AccountRegistrationTest TC001_AccountRegistrationTest.java22 - *************Test Started*************
20240924 12:50:38 INFO  [TestNG-tests-1] testCases.TC001_AccountRegistrationTest TC001_AccountRegistrationTest.java28 - *******  Clicked on My Account  *****
20240924 12:50:39 INFO  [TestNG-tests-1] testCases.TC001_AccountRegistrationTest TC001_AccountRegistrationTest.java30 - *******  Registration Completed  *****
20240924 12:50:39 INFO  [TestNG-tests-1] testCases.TC001_AccountRegistrationTest TC001_AccountRegistrationTest.java33 - ******* Providing Customer Details  *****
20240924 12:50:39 INFO  [TestNG-tests-3] testCases.TC001_AccountRegistrationTest TC001_AccountRegistrationTest.java22 - *************Test Started*************
20240924 12:50:39 INFO  [TestNG-tests-3] testCases.TC001_AccountRegistrationTest TC001_AccountRegistrationTest.java28 - *******  Clicked on My Account  *****
20240924 12:50:40 INFO  [TestNG-tests-3] testCases.TC001_AccountRegistrationTest TC001_AccountRegistrationTest.java30 - *******  Registration Completed  *****
20240924 12:50:40 INFO  [TestNG-tests-3] testCases.TC001_AccountRegistrationTest TC001_AccountRegistrationTest.java33 - ******* Providing Customer Details  *****
20240924 12:50:41 INFO  [TestNG-tests-2] testCases.TC001_AccountRegistrationTest TC001_AccountRegistrationTest.java22 - *************Test Started*************
20240924 12:50:42 INFO  [TestNG-tests-2] testCases.TC001_AccountRegistrationTest TC001_AccountRegistrationTest.java28 - *******  Clicked on My Account  *****
20240924 12:50:42 INFO  [TestNG-tests-2] testCases.TC001_AccountRegistrationTest TC001_AccountRegistrationTest.java30 - *******  Registration Completed  *****
20240924 12:50:42 INFO  [TestNG-tests-2] testCases.TC001_AccountRegistrationTest TC001_AccountRegistrationTest.java33 - ******* Providing Customer Details  *****
20240924 12:50:46 INFO  [TestNG-tests-1] testCases.TC001_AccountRegistrationTest TC001_AccountRegistrationTest.java50 - Validating Expected Message
20240924 12:50:46 INFO  [TestNG-tests-1] testCases.TC001_AccountRegistrationTest TC001_AccountRegistrationTest.java61 - ***Test Completed  *******
20240924 12:50:47 INFO  [TestNG-tests-3] testCases.TC001_AccountRegistrationTest TC001_AccountRegistrationTest.java50 - Validating Expected Message
20240924 12:50:47 INFO  [TestNG-tests-3] testCases.TC001_AccountRegistrationTest TC001_AccountRegistrationTest.java61 - ***Test Completed  *******
20240924 12:50:50 INFO  [TestNG-tests-2] testCases.TC001_AccountRegistrationTest TC001_AccountRegistrationTest.java50 - Validating Expected Message
20240924 12:50:50 INFO  [TestNG-tests-2] testCases.TC001_AccountRegistrationTest TC001_AccountRegistrationTest.java61 - ***Test Completed  *******
20240924 13:10:25 INFO  [TestNG-tests-1] testCases.TC001_AccountRegistrationTest TC001_AccountRegistrationTest.java22 - *************Test Started*************
20240924 13:10:25 INFO  [TestNG-tests-1] testCases.TC001_AccountRegistrationTest TC001_AccountRegistrationTest.java28 - *******  Clicked on My Account  *****
20240924 13:10:26 INFO  [TestNG-tests-1] testCases.TC001_AccountRegistrationTest TC001_AccountRegistrationTest.java30 - *******  Registration Completed  *****
20240924 13:10:26 INFO  [TestNG-tests-1] testCases.TC001_AccountRegistrationTest TC001_AccountRegistrationTest.java33 - ******* Providing Customer Details  *****
20240924 13:10:26 INFO  [TestNG-tests-3] testCases.TC001_AccountRegistrationTest TC001_AccountRegistrationTest.java22 - *************Test Started*************
20240924 13:10:26 INFO  [TestNG-tests-3] testCases.TC001_AccountRegistrationTest TC001_AccountRegistrationTest.java28 - *******  Clicked on My Account  *****
20240924 13:10:26 INFO  [TestNG-tests-2] testCases.TC001_AccountRegistrationTest TC001_AccountRegistrationTest.java22 - *************Test Started*************
20240924 13:10:26 INFO  [TestNG-tests-2] testCases.TC001_AccountRegistrationTest TC001_AccountRegistrationTest.java28 - *******  Clicked on My Account  *****
20240924 13:10:27 INFO  [TestNG-tests-3] testCases.TC001_AccountRegistrationTest TC001_AccountRegistrationTest.java30 - *******  Registration Completed  *****
20240924 13:10:27 INFO  [TestNG-tests-3] testCases.TC001_AccountRegistrationTest TC001_AccountRegistrationTest.java33 - ******* Providing Customer Details  *****
20240924 13:10:27 INFO  [TestNG-tests-2] testCases.TC001_AccountRegistrationTest TC001_AccountRegistrationTest.java30 - *******  Registration Completed  *****
20240924 13:10:27 INFO  [TestNG-tests-2] testCases.TC001_AccountRegistrationTest TC001_AccountRegistrationTest.java33 - ******* Providing Customer Details  *****
20240924 13:10:32 INFO  [TestNG-tests-1] testCases.TC001_AccountRegistrationTest TC001_AccountRegistrationTest.java50 - Validating Expected Message
20240924 13:10:32 INFO  [TestNG-tests-1] testCases.TC001_AccountRegistrationTest TC001_AccountRegistrationTest.java61 - ***Test Completed  *******
20240924 13:10:34 INFO  [TestNG-tests-3] testCases.TC001_AccountRegistrationTest TC001_AccountRegistrationTest.java50 - Validating Expected Message
20240924 13:10:34 INFO  [TestNG-tests-3] testCases.TC001_AccountRegistrationTest TC001_AccountRegistrationTest.java61 - ***Test Completed  *******
20240924 13:10:34 INFO  [TestNG-tests-2] testCases.TC001_AccountRegistrationTest TC001_AccountRegistrationTest.java50 - Validating Expected Message
20240924 13:10:34 INFO  [TestNG-tests-2] testCases.TC001_AccountRegistrationTest TC001_AccountRegistrationTest.java61 - ***Test Completed  *******
20240927 14:24:31 INFO  [main] testCases.TC002_LoginTest TC002_LoginTest.java17 - ***********  Test TC002 Started  ***********
20240927 14:24:33 INFO  [main] testCases.TC002_LoginTest TC002_LoginTest.java40 - ************ Finished TC_002_Login Test ****************
20240930 12:49:39 INFO  [main] testCases.TC001_AccountRegistrationTest TC001_AccountRegistrationTest.java22 - *************Test Started*************
20240930 12:49:39 INFO  [main] testCases.TC001_AccountRegistrationTest TC001_AccountRegistrationTest.java28 - *******  Clicked on My Account  *****
20240930 12:49:40 INFO  [main] testCases.TC001_AccountRegistrationTest TC001_AccountRegistrationTest.java30 - *******  Registration Completed  *****
20240930 12:49:40 INFO  [main] testCases.TC001_AccountRegistrationTest TC001_AccountRegistrationTest.java33 - ******* Providing Customer Details  *****
20240930 12:49:47 INFO  [main] testCases.TC001_AccountRegistrationTest TC001_AccountRegistrationTest.java50 - Validating Expected Message
20240930 12:49:47 INFO  [main] testCases.TC001_AccountRegistrationTest TC001_AccountRegistrationTest.java61 - ***Test Completed  *******
20240930 12:49:52 INFO  [main] testCases.TC002_LoginTest TC002_LoginTest.java17 - ***********  Test TC002 Started  ***********
20240930 12:49:55 INFO  [main] testCases.TC002_LoginTest TC002_LoginTest.java40 - ************ Finished TC_002_Login Test ****************
20240930 13:01:45 INFO  [main] testCases.TC001_AccountRegistrationTest TC001_AccountRegistrationTest.java22 - *************Test Started*************
20240930 13:01:45 INFO  [main] testCases.TC001_AccountRegistrationTest TC001_AccountRegistrationTest.java28 - *******  Clicked on My Account  *****
20240930 13:01:46 INFO  [main] testCases.TC001_AccountRegistrationTest TC001_AccountRegistrationTest.java30 - *******  Registration Completed  *****
20240930 13:01:46 INFO  [main] testCases.TC001_AccountRegistrationTest TC001_AccountRegistrationTest.java33 - ******* Providing Customer Details  *****
20240930 13:01:53 INFO  [main] testCases.TC001_AccountRegistrationTest TC001_AccountRegistrationTest.java50 - Validating Expected Message
20240930 13:01:53 INFO  [main] testCases.TC001_AccountRegistrationTest TC001_AccountRegistrationTest.java61 - ***Test Completed  *******
20240930 13:01:59 INFO  [main] testCases.TC002_LoginTest TC002_LoginTest.java17 - ***********  Test TC002 Started  ***********
20240930 13:02:02 INFO  [main] testCases.TC002_LoginTest TC002_LoginTest.java40 - ************ Finished TC_002_Login Test ****************
20240930 14:52:30 INFO  [main] testCases.TC001_AccountRegistrationTest TC001_AccountRegistrationTest.java22 - *************Test Started*************
20240930 14:52:31 INFO  [main] testCases.TC001_AccountRegistrationTest TC001_AccountRegistrationTest.java28 - *******  Clicked on My Account  *****
20240930 14:52:31 INFO  [main] testCases.TC001_AccountRegistrationTest TC001_AccountRegistrationTest.java30 - *******  Registration Completed  *****
20240930 14:52:31 INFO  [main] testCases.TC001_AccountRegistrationTest TC001_AccountRegistrationTest.java33 - ******* Providing Customer Details  *****
20240930 14:52:38 INFO  [main] testCases.TC001_AccountRegistrationTest TC001_AccountRegistrationTest.java50 - Validating Expected Message
20240930 14:52:38 INFO  [main] testCases.TC001_AccountRegistrationTest TC001_AccountRegistrationTest.java61 - ***Test Completed  *******
20240930 14:52:44 INFO  [main] testCases.TC002_LoginTest TC002_LoginTest.java17 - ***********  Test TC002 Started  ***********
20240930 14:52:46 INFO  [main] testCases.TC002_LoginTest TC002_LoginTest.java40 - ************ Finished TC_002_Login Test ****************
20240930 15:02:19 INFO  [main] testCases.TC001_AccountRegistrationTest TC001_AccountRegistrationTest.java22 - *************Test Started*************
20240930 15:02:19 INFO  [main] testCases.TC001_AccountRegistrationTest TC001_AccountRegistrationTest.java28 - *******  Clicked on My Account  *****
20240930 15:02:20 INFO  [main] testCases.TC001_AccountRegistrationTest TC001_AccountRegistrationTest.java30 - *******  Registration Completed  *****
20240930 15:02:20 INFO  [main] testCases.TC001_AccountRegistrationTest TC001_AccountRegistrationTest.java33 - ******* Providing Customer Details  *****
20240930 15:02:27 INFO  [main] testCases.TC001_AccountRegistrationTest TC001_AccountRegistrationTest.java50 - Validating Expected Message
20240930 15:02:27 INFO  [main] testCases.TC001_AccountRegistrationTest TC001_AccountRegistrationTest.java61 - ***Test Completed  *******
20240930 15:02:33 INFO  [main] testCases.TC002_LoginTest TC002_LoginTest.java17 - ***********  Test TC002 Started  ***********
20240930 15:02:35 INFO  [main] testCases.TC002_LoginTest TC002_LoginTest.java40 - ************ Finished TC_002_Login Test ****************
20240930 15:04:47 INFO  [main] testCases.TC001_AccountRegistrationTest TC001_AccountRegistrationTest.java22 - *************Test Started*************
20240930 15:04:47 INFO  [main] testCases.TC001_AccountRegistrationTest TC001_AccountRegistrationTest.java28 - *******  Clicked on My Account  *****
20240930 15:04:48 INFO  [main] testCases.TC001_AccountRegistrationTest TC001_AccountRegistrationTest.java30 - *******  Registration Completed  *****
20240930 15:04:48 INFO  [main] testCases.TC001_AccountRegistrationTest TC001_AccountRegistrationTest.java33 - ******* Providing Customer Details  *****
20240930 15:04:55 INFO  [main] testCases.TC001_AccountRegistrationTest TC001_AccountRegistrationTest.java50 - Validating Expected Message
20240930 15:04:55 INFO  [main] testCases.TC001_AccountRegistrationTest TC001_AccountRegistrationTest.java61 - ***Test Completed  *******
20240930 15:05:01 INFO  [main] testCases.TC002_LoginTest TC002_LoginTest.java17 - ***********  Test TC002 Started  ***********
20240930 15:05:05 INFO  [main] testCases.TC002_LoginTest TC002_LoginTest.java40 - ************ Finished TC_002_Login Test ****************
20240930 15:07:33 INFO  [main] testCases.TC001_AccountRegistrationTest TC001_AccountRegistrationTest.java22 - *************Test Started*************
20240930 15:07:33 INFO  [main] testCases.TC001_AccountRegistrationTest TC001_AccountRegistrationTest.java28 - *******  Clicked on My Account  *****
20240930 15:07:33 INFO  [main] testCases.TC001_AccountRegistrationTest TC001_AccountRegistrationTest.java30 - *******  Registration Completed  *****
20240930 15:07:33 INFO  [main] testCases.TC001_AccountRegistrationTest TC001_AccountRegistrationTest.java33 - ******* Providing Customer Details  *****
20240930 15:07:40 INFO  [main] testCases.TC001_AccountRegistrationTest TC001_AccountRegistrationTest.java50 - Validating Expected Message
20240930 15:07:40 INFO  [main] testCases.TC001_AccountRegistrationTest TC001_AccountRegistrationTest.java61 - ***Test Completed  *******
20240930 15:07:46 INFO  [main] testCases.TC002_LoginTest TC002_LoginTest.java17 - ***********  Test TC002 Started  ***********
20240930 15:07:48 INFO  [main] testCases.TC002_LoginTest TC002_LoginTest.java40 - ************ Finished TC_002_Login Test ****************
